<?xml version="1.0" encoding="UTF-8"?>
<!-- Generated by org.testng.reporters.JUnitXMLReporter -->
<testsuite ignored="3" hostname="Charan" failures="0" tests="0" time="0.027" errors="0" timestamp="2022-06-28T00:35:24 EDT">
  <testcase classname="testcases.TestScenarios4" name="TestScenarios401" time="0.0">
    <ignored/>
  </testcase> <!-- TestScenarios401 -->
  <testcase classname="testcases.TestScenarios3" name="TestScenarios302_DataProvider" time="0.0">
    <ignored/>
  </testcase> <!-- TestScenarios302_DataProvider -->
  <testcase classname="testcases.TestScenarios4" name="TestScenarios402" time="0.0">
    <ignored/>
  </testcase> <!-- TestScenarios402 -->
</testsuite>
