<?xml version="1.0" encoding="UTF-8"?>
<testng-results ignored="0" total="2" passed="2" failed="0" skipped="0">
  <reporter-output>
  </reporter-output>
  <suite started-at="2022-06-28T16:02:12 EDT" name="Default suite" finished-at="2022-06-28T16:02:48 EDT" duration-ms="35410">
    <groups>
    </groups>
    <test started-at="2022-06-28T16:02:12 EDT" name="Default test" finished-at="2022-06-28T16:02:48 EDT" duration-ms="35410">
      <class name="linkedin.LinkedInSearchServCatgs">
        <test-method is-config="true" signature="BeforeTest()[pri:0, instance:linkedin.LinkedInSearchServCatgs@42e99e4a]" started-at="2022-06-28T16:02:12 EDT" name="BeforeTest" finished-at="2022-06-28T16:02:32 EDT" duration-ms="19513" status="PASS">
          <reporter-output>
          </reporter-output>
        </test-method> <!-- BeforeTest -->
        <test-method signature="LinkedInSearchServCatgs1()[pri:0, instance:linkedin.LinkedInSearchServCatgs@42e99e4a]" started-at="2022-06-28T16:02:32 EDT" name="LinkedInSearchServCatgs1" finished-at="2022-06-28T16:02:43 EDT" duration-ms="10657" status="PASS">
          <reporter-output>
          </reporter-output>
        </test-method> <!-- LinkedInSearchServCatgs1 -->
        <test-method signature="LinkedInSearchServCatgs2()[pri:0, instance:linkedin.LinkedInSearchServCatgs@42e99e4a]" started-at="2022-06-28T16:02:43 EDT" name="LinkedInSearchServCatgs2" finished-at="2022-06-28T16:02:47 EDT" duration-ms="4206" status="PASS">
          <reporter-output>
          </reporter-output>
        </test-method> <!-- LinkedInSearchServCatgs2 -->
        <test-method is-config="true" signature="afterTest()[pri:0, instance:linkedin.LinkedInSearchServCatgs@42e99e4a]" started-at="2022-06-28T16:02:47 EDT" name="afterTest" finished-at="2022-06-28T16:02:48 EDT" duration-ms="948" status="PASS">
          <reporter-output>
          </reporter-output>
        </test-method> <!-- afterTest -->
      </class> <!-- linkedin.LinkedInSearchServCatgs -->
    </test> <!-- Default test -->
  </suite> <!-- Default suite -->
</testng-results>
